\BOOKMARK [1][-]{section.1}{Cel zadania}{}% 1
\BOOKMARK [1][-]{section.2}{Opis rozwiazania}{}% 2
\BOOKMARK [2][-]{subsection.2.1}{Architektura rozwiazania}{section.2}% 3
\BOOKMARK [2][-]{subsection.2.2}{Ulepszenia podstawowego rozwiazania}{section.2}% 4
\BOOKMARK [1][-]{section.3}{Szczeg\363\233y implementacyjne}{}% 5
\BOOKMARK [1][-]{section.4}{Wyniki}{}% 6
\BOOKMARK [2][-]{subsection.4.1}{Wp\233yw parametr\363w sieci na wartosc accuracy}{section.4}% 7
\BOOKMARK [3][-]{subsubsection.4.1.1}{Wp\233yw r\363znych funkcji aktywacji}{subsection.4.1}% 8
\BOOKMARK [3][-]{subsubsection.4.1.2}{Wp\233yw zastosowania w algorytmie SGD momentum}{subsection.4.1}% 9
\BOOKMARK [3][-]{subsubsection.4.1.3}{Wp\233yw zastosowania data augmentation}{subsection.4.1}% 10
\BOOKMARK [3][-]{subsubsection.4.1.4}{Wp\233yw regularyzacji}{subsection.4.1}% 11
\BOOKMARK [3][-]{subsubsection.4.1.5}{Wp\233yw liczby epok}{subsection.4.1}% 12
\BOOKMARK [3][-]{subsubsection.4.1.6}{Wp\233yw liczby warstw}{subsection.4.1}% 13
\BOOKMARK [3][-]{subsubsection.4.1.7}{Wp\233yw liczby neuron\363w}{subsection.4.1}% 14
\BOOKMARK [2][-]{subsection.4.2}{Wykres ROC}{section.4}% 15
\BOOKMARK [2][-]{subsection.4.3}{Macierz pomy\233ek}{section.4}% 16
\BOOKMARK [2][-]{subsection.4.4}{Raport klasyfikacji}{section.4}% 17
\BOOKMARK [2][-]{subsection.4.5}{Wykresy funkcji kosztu}{section.4}% 18
\BOOKMARK [2][-]{subsection.4.6}{Zle sklasyfikowane obrazki}{section.4}% 19
\BOOKMARK [1][-]{section.5}{Wnioski}{}% 20
\BOOKMARK [1][-]{section.6}{Mozliwe kierunki rozwoju projektu}{}% 21
\BOOKMARK [1][-]{section.7}{Bibliografia}{}% 22
